<?xml version="1.0" encoding="UTF-8"?>
<testng-results ignored="0" total="1" passed="1" failed="0" skipped="0">
  <reporter-output>
    <line>
      <![CDATA[running verify user id]]>
    </line>
    <line>
      <![CDATA[logout the application]]>
    </line>
    <line>
      <![CDATA[close the app]]>
    </line>
  </reporter-output>
  <suite started-at="2022-09-06T23:00:14 IST" name="Default suite" finished-at="2022-09-06T23:00:54 IST" duration-ms="40908">
    <groups>
    </groups>
    <test started-at="2022-09-06T23:00:14 IST" name="Default test" finished-at="2022-09-06T23:00:54 IST" duration-ms="40908">
      <class name="kitetest.ACTTC">
        <test-method is-config="true" signature="openBrowser()[pri:0, instance:kitetest.ACTTC@1e0b4072]" started-at="2022-09-06T23:00:14 IST" name="openBrowser" finished-at="2022-09-06T23:00:42 IST" duration-ms="28679" status="PASS">
          <reporter-output>
          </reporter-output>
        </test-method> <!-- openBrowser -->
        <test-method is-config="true" signature="loginToApp()[pri:0, instance:kitetest.ACTTC@1e0b4072]" started-at="2022-09-06T23:00:42 IST" name="loginToApp" finished-at="2022-09-06T23:00:46 IST" duration-ms="3335" status="PASS">
          <reporter-output>
          </reporter-output>
        </test-method> <!-- loginToApp -->
        <test-method signature="verifyuserID()[pri:0, instance:kitetest.ACTTC@1e0b4072]" started-at="2022-09-06T23:00:46 IST" name="verifyuserID" finished-at="2022-09-06T23:00:54 IST" duration-ms="8709" status="PASS">
          <reporter-output>
            <line>
              <![CDATA[running verify user id]]>
            </line>
          </reporter-output>
        </test-method> <!-- verifyuserID -->
        <test-method is-config="true" signature="logoutApp()[pri:0, instance:kitetest.ACTTC@1e0b4072]" started-at="2022-09-06T23:00:54 IST" name="logoutApp" finished-at="2022-09-06T23:00:54 IST" duration-ms="5" status="PASS">
          <reporter-output>
            <line>
              <![CDATA[logout the application]]>
            </line>
          </reporter-output>
        </test-method> <!-- logoutApp -->
        <test-method is-config="true" signature="closeBrowser()[pri:0, instance:kitetest.ACTTC@1e0b4072]" started-at="2022-09-06T23:00:54 IST" name="closeBrowser" finished-at="2022-09-06T23:00:54 IST" duration-ms="3" status="PASS">
          <reporter-output>
            <line>
              <![CDATA[close the app]]>
            </line>
          </reporter-output>
        </test-method> <!-- closeBrowser -->
      </class> <!-- kitetest.ACTTC -->
    </test> <!-- Default test -->
  </suite> <!-- Default suite -->
</testng-results>
